<?xml version="1.0" encoding="UTF-8"?>
<testng-results ignored="1" total="2" passed="1" failed="0" skipped="0">
  <reporter-output>
  </reporter-output>
  <suite started-at="2023-02-22T08:41:47 AEDT" name="Default suite" finished-at="2023-02-22T08:42:04 AEDT" duration-ms="17000">
    <groups>
    </groups>
    <test started-at="2023-02-22T08:41:47 AEDT" name="Default test" finished-at="2023-02-22T08:42:04 AEDT" duration-ms="17000">
      <class name="io.nology.employeeCreator.EmployeeCreatorApplicationTests">
        <test-method is-config="true" signature="setup()[pri:0, instance:io.nology.employeeCreator.EmployeeCreatorApplicationTests@13d9cbf5]" started-at="2023-02-22T08:41:47 AEDT" name="setup" finished-at="2023-02-22T08:41:54 AEDT" duration-ms="6666" status="PASS">
          <reporter-output>
          </reporter-output>
        </test-method> <!-- setup -->
        <test-method signature="verifyUserCanBeCreated()[pri:0, instance:io.nology.employeeCreator.EmployeeCreatorApplicationTests@13d9cbf5]" started-at="2023-02-22T08:41:54 AEDT" name="verifyUserCanBeCreated" finished-at="2023-02-22T08:42:04 AEDT" duration-ms="10162" status="PASS">
          <reporter-output>
          </reporter-output>
        </test-method> <!-- verifyUserCanBeCreated -->
        <test-method is-config="true" signature="tearDown()[pri:0, instance:io.nology.employeeCreator.EmployeeCreatorApplicationTests@13d9cbf5]" started-at="2023-02-22T08:42:04 AEDT" name="tearDown" finished-at="2023-02-22T08:42:04 AEDT" duration-ms="119" status="PASS">
          <reporter-output>
          </reporter-output>
        </test-method> <!-- tearDown -->
      </class> <!-- io.nology.employeeCreator.EmployeeCreatorApplicationTests -->
    </test> <!-- Default test -->
  </suite> <!-- Default suite -->
</testng-results>
