<?xml version="1.0" encoding="UTF-8"?>
<!-- Generated by org.testng.reporters.JUnitXMLReporter -->
<testsuite ignored="0" hostname="Seans-MBP.modem" failures="0" tests="2" name="Default test" time="23.812" errors="0" timestamp="2023-02-24T14:18:55 AEDT">
  <testcase classname="io.nology.employeeCreator.EmployeeCreatorApplicationTests" name="verifyInputsAreNull" time="0.864"/>
  <testcase classname="io.nology.employeeCreator.EmployeeCreatorApplicationTests" name="verifyUserCanBeCreated" time="9.939"/>
</testsuite> <!-- Default test -->
