<?xml version="1.0" encoding="UTF-8"?>
<!-- Generated by org.testng.reporters.JUnitXMLReporter -->
<testsuite ignored="1" hostname="Seans-MBP.modem" failures="0" tests="1" name="Default test" time="17.0" errors="0" timestamp="2023-02-22T08:42:04 AEDT">
  <testcase classname="io.nology.employeeCreator.EmployeeCreatorApplicationTests" name="verifyUserCanBeCreated" time="10.162"/>
  <testcase classname="io.nology.employeeCreator.EmployeeCreatorApplicationTests" name="verifyInputsAreNull" time="0.0">
    <ignored/>
  </testcase> <!-- verifyInputsAreNull -->
</testsuite> <!-- Default test -->
